Wrote /Users/dash/School/Spring_2026/Visualization/clouds/output/composite/segments/germany_clouds.mp4
Wrote /Users/dash/School/Spring_2026/Visualization/clouds/output/composite/segments/alps_patch_clouds.mp4
Patch: 10.895–11.105°E, 47.500–47.710°N
Rendered 1/121  2013-04-26 19:39:50
Rendered 2/121  2013-04-26 19:40:00
Rendered 3/121  2013-04-26 19:40:10
Rendered 4/121  2013-04-26 19:40:20
Rendered 5/121  2013-04-26 19:40:30
Rendered 6/121  2013-04-26 19:40:40
Rendered 7/121  2013-04-26 19:40:50
Rendered 8/121  2013-04-26 19:41:00
Rendered 9/121  2013-04-26 19:41:10
Rendered 10/121  2013-04-26 19:41:20
Rendered 11/121  2013-04-26 19:41:30
Rendered 12/121  2013-04-26 19:41:40
Rendered 13/121  2013-04-26 19:41:50
Rendered 14/121  2013-04-26 19:42:00
Rendered 15/121  2013-04-26 19:42:10
Rendered 16/121  2013-04-26 19:42:20
Rendered 17/121  2013-04-26 19:42:30
Rendered 18/121  2013-04-26 19:42:40
Rendered 19/121  2013-04-26 19:42:50
Rendered 20/121  2013-04-26 19:43:00
Rendered 21/121  2013-04-26 19:43:10
Rendered 22/121  2013-04-26 19:43:20
Rendered 23/121  2013-04-26 19:43:30
Rendered 24/121  2013-04-26 19:43:40
Rendered 25/121  2013-04-26 19:43:50
Rendered 26/121  2013-04-26 19:44:00
Rendered 27/121  2013-04-26 19:44:10
Rendered 28/121  2013-04-26 19:44:20
Rendered 29/121  2013-04-26 19:44:30
Rendered 30/121  2013-04-26 19:44:40
Rendered 31/121  2013-04-26 19:44:50
Rendered 32/121  2013-04-26 19:45:00
Rendered 33/121  2013-04-26 19:45:10
Rendered 34/121  2013-04-26 19:45:20
Rendered 35/121  2013-04-26 19:45:30
Rendered 36/121  2013-04-26 19:45:40
Rendered 37/121  2013-04-26 19:45:50
Rendered 38/121  2013-04-26 19:46:00
Rendered 39/121  2013-04-26 19:46:10
Rendered 40/121  2013-04-26 19:46:20
Rendered 41/121  2013-04-26 19:46:30
Rendered 42/121  2013-04-26 19:46:40
Rendered 43/121  2013-04-26 19:46:50
Rendered 44/121  2013-04-26 19:47:00
Rendered 45/121  2013-04-26 19:47:10
Rendered 46/121  2013-04-26 19:47:20
Rendered 47/121  2013-04-26 19:47:30
Rendered 48/121  2013-04-26 19:47:40
Rendered 49/121  2013-04-26 19:47:50
Rendered 50/121  2013-04-26 19:48:00
Rendered 51/121  2013-04-26 19:48:10
Rendered 52/121  2013-04-26 19:48:20
Rendered 53/121  2013-04-26 19:48:30
Rendered 54/121  2013-04-26 19:48:40
Rendered 55/121  2013-04-26 19:48:50
Rendered 56/121  2013-04-26 19:49:00
Rendered 57/121  2013-04-26 19:49:10
Rendered 58/121  2013-04-26 19:49:20
Rendered 59/121  2013-04-26 19:49:30
Rendered 60/121  2013-04-26 19:49:40
Rendered 61/121  2013-04-26 19:49:50
Rendered 62/121  2013-04-26 19:50:00
Rendered 63/121  2013-04-26 19:50:10
Rendered 64/121  2013-04-26 19:50:20
Rendered 65/121  2013-04-26 19:50:30
Rendered 66/121  2013-04-26 19:50:40
Rendered 67/121  2013-04-26 19:50:50
Rendered 68/121  2013-04-26 19:51:00
Rendered 69/121  2013-04-26 19:51:10
Rendered 70/121  2013-04-26 19:51:20
Rendered 71/121  2013-04-26 19:51:30
Rendered 72/121  2013-04-26 19:51:40
Rendered 73/121  2013-04-26 19:51:50
Rendered 74/121  2013-04-26 19:52:00
Rendered 75/121  2013-04-26 19:52:10
Rendered 76/121  2013-04-26 19:52:20
Rendered 77/121  2013-04-26 19:52:30
Rendered 78/121  2013-04-26 19:52:40
Rendered 79/121  2013-04-26 19:52:50
Rendered 80/121  2013-04-26 19:53:00
Rendered 81/121  2013-04-26 19:53:10
Rendered 82/121  2013-04-26 19:53:20
Rendered 83/121  2013-04-26 19:53:30
Rendered 84/121  2013-04-26 19:53:40
Rendered 85/121  2013-04-26 19:53:50
Rendered 86/121  2013-04-26 19:54:00
Rendered 87/121  2013-04-26 19:54:10
Rendered 88/121  2013-04-26 19:54:20
Rendered 89/121  2013-04-26 19:54:30
Rendered 90/121  2013-04-26 19:54:40
Rendered 91/121  2013-04-26 19:54:50
Rendered 92/121  2013-04-26 19:55:00
Rendered 93/121  2013-04-26 19:55:10
Rendered 94/121  2013-04-26 19:55:20
Rendered 95/121  2013-04-26 19:55:30
Rendered 96/121  2013-04-26 19:55:40
Rendered 97/121  2013-04-26 19:55:50
Rendered 98/121  2013-04-26 19:56:00
Rendered 99/121  2013-04-26 19:56:10
Rendered 100/121  2013-04-26 19:56:20
Rendered 101/121  2013-04-26 19:56:30
Rendered 102/121  2013-04-26 19:56:40
Rendered 103/121  2013-04-26 19:56:50
Rendered 104/121  2013-04-26 19:57:00
Rendered 105/121  2013-04-26 19:57:10
Rendered 106/121  2013-04-26 19:57:20
Rendered 107/121  2013-04-26 19:57:30
Rendered 108/121  2013-04-26 19:57:40
Rendered 109/121  2013-04-26 19:57:50
Rendered 110/121  2013-04-26 19:58:00
Rendered 111/121  2013-04-26 19:58:10
Rendered 112/121  2013-04-26 19:58:20
Rendered 113/121  2013-04-26 19:58:30
Rendered 114/121  2013-04-26 19:58:40
Rendered 115/121  2013-04-26 19:58:50
Rendered 116/121  2013-04-26 19:59:00
Rendered 117/121  2013-04-26 19:59:10
Rendered 118/121  2013-04-26 19:59:20
Rendered 119/121  2013-04-26 19:59:30
Rendered 120/121  2013-04-26 19:59:40
Rendered 121/121  2013-04-26 19:59:50
Wrote /Users/dash/School/Spring_2026/Visualization/clouds/output/composite/segments/east_patch_3d_clouds.mp4
Done: /Users/dash/School/Spring_2026/Visualization/clouds/output/composite/segments/east_patch_3d_clouds.mp4
Patch: 13.380–13.680°E, 48.812–49.112°N
Rendered 1/121  2013-04-26 19:39:50
Rendered 2/121  2013-04-26 19:40:00
Rendered 3/121  2013-04-26 19:40:10
Rendered 4/121  2013-04-26 19:40:20
Rendered 5/121  2013-04-26 19:40:30
Rendered 6/121  2013-04-26 19:40:40
Rendered 7/121  2013-04-26 19:40:50
Rendered 8/121  2013-04-26 19:41:00
Rendered 9/121  2013-04-26 19:41:10
Rendered 10/121  2013-04-26 19:41:20
Rendered 11/121  2013-04-26 19:41:30
Rendered 12/121  2013-04-26 19:41:40
Rendered 13/121  2013-04-26 19:41:50
Rendered 14/121  2013-04-26 19:42:00
Rendered 15/121  2013-04-26 19:42:10
Rendered 16/121  2013-04-26 19:42:20
Rendered 17/121  2013-04-26 19:42:30
Rendered 18/121  2013-04-26 19:42:40
Rendered 19/121  2013-04-26 19:42:50
Rendered 20/121  2013-04-26 19:43:00
Rendered 21/121  2013-04-26 19:43:10
Rendered 22/121  2013-04-26 19:43:20
Rendered 23/121  2013-04-26 19:43:30
Rendered 24/121  2013-04-26 19:43:40
Rendered 25/121  2013-04-26 19:43:50
Rendered 26/121  2013-04-26 19:44:00
Rendered 27/121  2013-04-26 19:44:10
Rendered 28/121  2013-04-26 19:44:20
Rendered 29/121  2013-04-26 19:44:30
Rendered 30/121  2013-04-26 19:44:40
Rendered 31/121  2013-04-26 19:44:50
Rendered 32/121  2013-04-26 19:45:00
Rendered 33/121  2013-04-26 19:45:10
Rendered 34/121  2013-04-26 19:45:20
Rendered 35/121  2013-04-26 19:45:30
Rendered 36/121  2013-04-26 19:45:40
Rendered 37/121  2013-04-26 19:45:50
Rendered 38/121  2013-04-26 19:46:00
Rendered 39/121  2013-04-26 19:46:10
Rendered 40/121  2013-04-26 19:46:20
Rendered 41/121  2013-04-26 19:46:30
Rendered 42/121  2013-04-26 19:46:40
Rendered 43/121  2013-04-26 19:46:50
Rendered 44/121  2013-04-26 19:47:00
Rendered 45/121  2013-04-26 19:47:10
Rendered 46/121  2013-04-26 19:47:20
Rendered 47/121  2013-04-26 19:47:30
Rendered 48/121  2013-04-26 19:47:40
Rendered 49/121  2013-04-26 19:47:50
Rendered 50/121  2013-04-26 19:48:00
Rendered 51/121  2013-04-26 19:48:10
Rendered 52/121  2013-04-26 19:48:20
Rendered 53/121  2013-04-26 19:48:30
Rendered 54/121  2013-04-26 19:48:40
Rendered 55/121  2013-04-26 19:48:50
Rendered 56/121  2013-04-26 19:49:00
Rendered 57/121  2013-04-26 19:49:10
Rendered 58/121  2013-04-26 19:49:20
Rendered 59/121  2013-04-26 19:49:30
Rendered 60/121  2013-04-26 19:49:40
Rendered 61/121  2013-04-26 19:49:50
Rendered 62/121  2013-04-26 19:50:00
Rendered 63/121  2013-04-26 19:50:10
Rendered 64/121  2013-04-26 19:50:20
Rendered 65/121  2013-04-26 19:50:30
Rendered 66/121  2013-04-26 19:50:40
Rendered 67/121  2013-04-26 19:50:50
Rendered 68/121  2013-04-26 19:51:00
Rendered 69/121  2013-04-26 19:51:10
Rendered 70/121  2013-04-26 19:51:20
Rendered 71/121  2013-04-26 19:51:30
Rendered 72/121  2013-04-26 19:51:40
Rendered 73/121  2013-04-26 19:51:50
Rendered 74/121  2013-04-26 19:52:00
Rendered 75/121  2013-04-26 19:52:10
Rendered 76/121  2013-04-26 19:52:20
Rendered 77/121  2013-04-26 19:52:30
Rendered 78/121  2013-04-26 19:52:40
Rendered 79/121  2013-04-26 19:52:50
Rendered 80/121  2013-04-26 19:53:00
Rendered 81/121  2013-04-26 19:53:10
Rendered 82/121  2013-04-26 19:53:20
Rendered 83/121  2013-04-26 19:53:30
Rendered 84/121  2013-04-26 19:53:40
Rendered 85/121  2013-04-26 19:53:50
Rendered 86/121  2013-04-26 19:54:00
Rendered 87/121  2013-04-26 19:54:10
Rendered 88/121  2013-04-26 19:54:20
Rendered 89/121  2013-04-26 19:54:30
Rendered 90/121  2013-04-26 19:54:40
Rendered 91/121  2013-04-26 19:54:50
Rendered 92/121  2013-04-26 19:55:00
Rendered 93/121  2013-04-26 19:55:10
Rendered 94/121  2013-04-26 19:55:20
Rendered 95/121  2013-04-26 19:55:30
Rendered 96/121  2013-04-26 19:55:40
Rendered 97/121  2013-04-26 19:55:50
Rendered 98/121  2013-04-26 19:56:00
Rendered 99/121  2013-04-26 19:56:10
Rendered 100/121  2013-04-26 19:56:20
Rendered 101/121  2013-04-26 19:56:30
Rendered 102/121  2013-04-26 19:56:40
Rendered 103/121  2013-04-26 19:56:50
Rendered 104/121  2013-04-26 19:57:00
Rendered 105/121  2013-04-26 19:57:10
Rendered 106/121  2013-04-26 19:57:20
Rendered 107/121  2013-04-26 19:57:30
Rendered 108/121  2013-04-26 19:57:40
Rendered 109/121  2013-04-26 19:57:50
Rendered 110/121  2013-04-26 19:58:00
Rendered 111/121  2013-04-26 19:58:10
Rendered 112/121  2013-04-26 19:58:20
Rendered 113/121  2013-04-26 19:58:30
Rendered 114/121  2013-04-26 19:58:40
Rendered 115/121  2013-04-26 19:58:50
Rendered 116/121  2013-04-26 19:59:00
Rendered 117/121  2013-04-26 19:59:10
Rendered 118/121  2013-04-26 19:59:20
Rendered 119/121  2013-04-26 19:59:30
Rendered 120/121  2013-04-26 19:59:40
Rendered 121/121  2013-04-26 19:59:50
Wrote /Users/dash/School/Spring_2026/Visualization/clouds/output/composite/segments/east_patch_3d_wind.mp4
Done: /Users/dash/School/Spring_2026/Visualization/clouds/output/composite/segments/east_patch_3d_wind.mp4
Patch: 13.380–13.680°E, 48.812–49.112°N
Temporal upsampling: 4 steps/hour → 45 frames
Render: 180 frames @ 10 fps  (cloud keyframes=45, cloud_time_scale=0.35)
Rendered 1/180  2013-01-01 18:00:00
Rendered 2/180  2013-01-01 18:01:17.430167
Rendered 3/180  2013-01-01 18:02:34.860335
Rendered 4/180  2013-01-01 18:03:52.290502
Rendered 5/180  2013-01-01 18:05:09.720670
Rendered 6/180  2013-01-01 18:06:27.150837
Rendered 7/180  2013-01-01 18:07:44.581005
Rendered 8/180  2013-01-01 18:09:02.011173
Rendered 9/180  2013-01-01 18:10:19.441340
Rendered 10/180  2013-01-01 18:11:36.871508
Rendered 11/180  2013-01-01 18:12:54.301675
Rendered 12/180  2013-01-01 18:14:11.731843
Rendered 13/180  2013-01-01 18:15:29.162011
Rendered 14/180  2013-01-01 18:16:46.592178
Rendered 15/180  2013-01-01 18:18:04.022346
Rendered 16/180  2013-01-01 18:19:21.452513
Rendered 17/180  2013-01-01 18:20:38.882681
Rendered 18/180  2013-01-01 18:21:56.312849
Rendered 19/180  2013-01-01 18:23:13.743016
Rendered 20/180  2013-01-01 18:24:31.173184
Rendered 21/180  2013-01-01 18:25:48.603351
Rendered 22/180  2013-01-01 18:27:06.033519
Rendered 23/180  2013-01-01 18:28:23.463687
Rendered 24/180  2013-01-01 18:29:40.893854
Rendered 25/180  2013-01-01 18:30:58.324022
Rendered 26/180  2013-01-01 18:32:15.754189
Rendered 27/180  2013-01-01 18:33:33.184357
Rendered 28/180  2013-01-01 18:34:50.614525
Rendered 29/180  2013-01-01 18:36:08.044692
Rendered 30/180  2013-01-01 18:37:25.474860
Rendered 31/180  2013-01-01 18:38:42.905027
Rendered 32/180  2013-01-01 18:40:00.335195
Rendered 33/180  2013-01-01 18:41:17.765363
Rendered 34/180  2013-01-01 18:42:35.195530
Rendered 35/180  2013-01-01 18:43:52.625698
Rendered 36/180  2013-01-01 18:45:10.055865
Rendered 37/180  2013-01-01 18:46:27.486033
Rendered 38/180  2013-01-01 18:47:44.916201
Rendered 39/180  2013-01-01 18:49:02.346368
Rendered 40/180  2013-01-01 18:50:19.776536
Rendered 41/180  2013-01-01 18:51:37.206703
Rendered 42/180  2013-01-01 18:52:54.636871
Rendered 43/180  2013-01-01 18:54:12.067039
Rendered 44/180  2013-01-01 18:55:29.497206
Rendered 45/180  2013-01-01 18:56:46.927374
Rendered 46/180  2013-01-01 18:58:04.357541
Rendered 47/180  2013-01-01 18:59:21.787709
Rendered 48/180  2013-01-01 19:00:39.217877
Rendered 49/180  2013-01-01 19:01:56.648044
Rendered 50/180  2013-01-01 19:03:14.078212
Rendered 51/180  2013-01-01 19:04:31.508379
Rendered 52/180  2013-01-01 19:05:48.938547
Rendered 53/180  2013-01-01 19:07:06.368715
Rendered 54/180  2013-01-01 19:08:23.798882
Rendered 55/180  2013-01-01 19:09:41.229050
Rendered 56/180  2013-01-01 19:10:58.659217
Rendered 57/180  2013-01-01 19:12:16.089385
Rendered 58/180  2013-01-01 19:13:33.519553
Rendered 59/180  2013-01-01 19:14:50.949720
Rendered 60/180  2013-01-01 19:16:08.379888
Rendered 61/180  2013-01-01 19:17:25.810055
Rendered 62/180  2013-01-01 19:18:43.240223
Rendered 63/180  2013-01-01 19:20:00.670391
Rendered 64/180  2013-01-01 19:21:18.100558
Rendered 65/180  2013-01-01 19:22:35.530726
Rendered 66/180  2013-01-01 19:23:52.960893
Rendered 67/180  2013-01-01 19:25:10.391061
Rendered 68/180  2013-01-01 19:26:27.821229
Rendered 69/180  2013-01-01 19:27:45.251396
Rendered 70/180  2013-01-01 19:29:02.681564
Rendered 71/180  2013-01-01 19:30:20.111731
Rendered 72/180  2013-01-01 19:31:37.541899
Rendered 73/180  2013-01-01 19:32:54.972067
Rendered 74/180  2013-01-01 19:34:12.402234
Rendered 75/180  2013-01-01 19:35:29.832402
Rendered 76/180  2013-01-01 19:36:47.262569
Rendered 77/180  2013-01-01 19:38:04.692737
Rendered 78/180  2013-01-01 19:39:22.122905
Rendered 79/180  2013-01-01 19:40:39.553072
Rendered 80/180  2013-01-01 19:41:56.983240
Rendered 81/180  2013-01-01 19:43:14.413407
Rendered 82/180  2013-01-01 19:44:31.843575
Rendered 83/180  2013-01-01 19:45:49.273743
Rendered 84/180  2013-01-01 19:47:06.703910
Rendered 85/180  2013-01-01 19:48:24.134078
Rendered 86/180  2013-01-01 19:49:41.564245
Rendered 87/180  2013-01-01 19:50:58.994413
Rendered 88/180  2013-01-01 19:52:16.424581
Rendered 89/180  2013-01-01 19:53:33.854748
Rendered 90/180  2013-01-01 19:54:51.284916
Rendered 91/180  2013-01-01 19:56:08.715083
Rendered 92/180  2013-01-01 19:57:26.145251
Rendered 93/180  2013-01-01 19:58:43.575418
Rendered 94/180  2013-01-01 20:00:01.005586
Rendered 95/180  2013-01-01 20:01:18.435754
Rendered 96/180  2013-01-01 20:02:35.865921
Rendered 97/180  2013-01-01 20:03:53.296089
Rendered 98/180  2013-01-01 20:05:10.726256
Rendered 99/180  2013-01-01 20:06:28.156424
Rendered 100/180  2013-01-01 20:07:45.586592
Rendered 101/180  2013-01-01 20:09:03.016759
Rendered 102/180  2013-01-01 20:10:20.446927
Rendered 103/180  2013-01-01 20:11:37.877094
Rendered 104/180  2013-01-01 20:12:55.307262
Rendered 105/180  2013-01-01 20:14:12.737430
Rendered 106/180  2013-01-01 20:15:30.167597
Rendered 107/180  2013-01-01 20:16:47.597765
Rendered 108/180  2013-01-01 20:18:05.027932
Rendered 109/180  2013-01-01 20:19:22.458100
Rendered 110/180  2013-01-01 20:20:39.888268
Rendered 111/180  2013-01-01 20:21:57.318435
Rendered 112/180  2013-01-01 20:23:14.748603
Rendered 113/180  2013-01-01 20:24:32.178770
Rendered 114/180  2013-01-01 20:25:49.608938
Rendered 115/180  2013-01-01 20:27:07.039106
Rendered 116/180  2013-01-01 20:28:24.469273
Rendered 117/180  2013-01-01 20:29:41.899441
Rendered 118/180  2013-01-01 20:30:59.329608
Rendered 119/180  2013-01-01 20:32:16.759776
Rendered 120/180  2013-01-01 20:33:34.189944
Rendered 121/180  2013-01-01 20:34:51.620111
Rendered 122/180  2013-01-01 20:36:09.050279
Rendered 123/180  2013-01-01 20:37:26.480446
Rendered 124/180  2013-01-01 20:38:43.910614
Rendered 125/180  2013-01-01 20:40:01.340782
Rendered 126/180  2013-01-01 20:41:18.770949
Rendered 127/180  2013-01-01 20:42:36.201117
Rendered 128/180  2013-01-01 20:43:53.631284
Rendered 129/180  2013-01-01 20:45:11.061452
Rendered 130/180  2013-01-01 20:46:28.491620
Rendered 131/180  2013-01-01 20:47:45.921787
Rendered 132/180  2013-01-01 20:49:03.351955
Rendered 133/180  2013-01-01 20:50:20.782122
Rendered 134/180  2013-01-01 20:51:38.212290
Rendered 135/180  2013-01-01 20:52:55.642458
Rendered 136/180  2013-01-01 20:54:13.072625
Rendered 137/180  2013-01-01 20:55:30.502793
Rendered 138/180  2013-01-01 20:56:47.932960
Rendered 139/180  2013-01-01 20:58:05.363128
Rendered 140/180  2013-01-01 20:59:22.793296
Rendered 141/180  2013-01-01 21:00:40.223463
Rendered 142/180  2013-01-01 21:01:57.653631
Rendered 143/180  2013-01-01 21:03:15.083798
Rendered 144/180  2013-01-01 21:04:32.513966
Rendered 145/180  2013-01-01 21:05:49.944134
Rendered 146/180  2013-01-01 21:07:07.374301
Rendered 147/180  2013-01-01 21:08:24.804469
Rendered 148/180  2013-01-01 21:09:42.234636
Rendered 149/180  2013-01-01 21:10:59.664804
Rendered 150/180  2013-01-01 21:12:17.094972
Rendered 151/180  2013-01-01 21:13:34.525139
Rendered 152/180  2013-01-01 21:14:51.955307
Rendered 153/180  2013-01-01 21:16:09.385474
Rendered 154/180  2013-01-01 21:17:26.815642
Rendered 155/180  2013-01-01 21:18:44.245810
Rendered 156/180  2013-01-01 21:20:01.675977
Rendered 157/180  2013-01-01 21:21:19.106145
Rendered 158/180  2013-01-01 21:22:36.536312
Rendered 159/180  2013-01-01 21:23:53.966480
Rendered 160/180  2013-01-01 21:25:11.396648
Rendered 161/180  2013-01-01 21:26:28.826815
Rendered 162/180  2013-01-01 21:27:46.256983
Rendered 163/180  2013-01-01 21:29:03.687150
Rendered 164/180  2013-01-01 21:30:21.117318
Rendered 165/180  2013-01-01 21:31:38.547486
Rendered 166/180  2013-01-01 21:32:55.977653
Rendered 167/180  2013-01-01 21:34:13.407821
Rendered 168/180  2013-01-01 21:35:30.837988
Rendered 169/180  2013-01-01 21:36:48.268156
Rendered 170/180  2013-01-01 21:38:05.698324
Rendered 171/180  2013-01-01 21:39:23.128491
Rendered 172/180  2013-01-01 21:40:40.558659
Rendered 173/180  2013-01-01 21:41:57.988826
Rendered 174/180  2013-01-01 21:43:15.418994
Rendered 175/180  2013-01-01 21:44:32.849162
Rendered 176/180  2013-01-01 21:45:50.279329
Rendered 177/180  2013-01-01 21:47:07.709497
Rendered 178/180  2013-01-01 21:48:25.139664
Rendered 179/180  2013-01-01 21:49:42.569832
Rendered 180/180  2013-01-01 21:50:59.999999
Wrote /Users/dash/School/Spring_2026/Visualization/clouds/output/composite/segments/east_core_patch_3d_inversion.mp4
Done: /Users/dash/School/Spring_2026/Visualization/clouds/output/composite/segments/east_core_patch_3d_inversion.mp4
Patch: 13.380–13.680°E, 48.812–49.112°N
Rendering 180 frames @ 10 fps  (45 timesteps, 2013-01-01T18:00 + 12h)
Rendered 1/180  2013-01-01 18:00:00
Rendered 18/180  2013-01-01 18:21:56.312849
Rendered 36/180  2013-01-01 18:45:10.055865
Rendered 54/180  2013-01-01 19:08:23.798882
Rendered 72/180  2013-01-01 19:31:37.541899
Rendered 90/180  2013-01-01 19:54:51.284916
Rendered 108/180  2013-01-01 20:18:05.027932
Rendered 126/180  2013-01-01 20:41:18.770949
Rendered 144/180  2013-01-01 21:04:32.513966
Rendered 162/180  2013-01-01 21:27:46.256983
Rendered 180/180  2013-01-01 21:50:59.999999
Wrote /Users/dash/School/Spring_2026/Visualization/clouds/output/composite/segments/east_core_inversion_compare.mp4
Traceback (most recent call last):
  File "/Users/dash/School/Spring_2026/Visualization/clouds/models/render/feature_overlay.py", line 17, in <module>
    from models.inversion.viz import (
    ...<4 lines>...
    )
  File "/Users/dash/School/Spring_2026/Visualization/clouds/models/inversion/viz.py", line 6, in <module>
    import joblib
ModuleNotFoundError: No module named 'joblib'
Rendering composite segments…
Using ffmpeg: /opt/homebrew/bin/ffmpeg

=== card_2d_data ===
Wrote /Users/dash/School/Spring_2026/Visualization/clouds/output/composite/segments/card_2d_data.mp4

=== germany_clouds ===
  $ /Users/dash/School/Spring_2026/Visualization/clouds/.venv/bin/python3 scripts/render_country_cloud_movie.py --output /Users/dash/School/Spring_2026/Visualization/clouds/output/composite/segments/germany_clouds.mp4 --fps 10 --width 1280 --height 720
Wrote /Users/dash/School/Spring_2026/Visualization/clouds/output/composite/segments/germany_clouds.mp4

=== alps_patch_clouds ===
  $ /Users/dash/School/Spring_2026/Visualization/clouds/.venv/bin/python3 scripts/render_alps_patch_movie.py --output /Users/dash/School/Spring_2026/Visualization/clouds/output/composite/segments/alps_patch_clouds.mp4 --fps 10 --width 1280 --height 720
Wrote /Users/dash/School/Spring_2026/Visualization/clouds/output/composite/segments/alps_patch_clouds.mp4

=== card_3d_mesh ===
Wrote /Users/dash/School/Spring_2026/Visualization/clouds/output/composite/segments/card_3d_mesh.mp4

=== east_patch_3d_clouds ===
  $ /Users/dash/School/Spring_2026/Visualization/clouds/.venv/bin/python3 scripts/render_patch_3d_cloud_movie.py --region east_core --width 1280 --height 720 --fps 10 --elevation-deg 24 --orbit-deg 40 --slab-mode clt --orbit-start-deg -50 --output /Users/dash/School/Spring_2026/Visualization/clouds/output/composite/segments/east_patch_3d_clouds.mp4
Wrote /Users/dash/School/Spring_2026/Visualization/clouds/output/composite/segments/east_patch_3d_clouds.mp4

=== east_patch_3d_wind ===
  $ /Users/dash/School/Spring_2026/Visualization/clouds/.venv/bin/python3 scripts/render_patch_3d_cloud_movie.py --region east_core --width 1280 --height 720 --fps 10 --elevation-deg 24 --orbit-deg 40 --slab-mode wind --orbit-start-deg 115 --output /Users/dash/School/Spring_2026/Visualization/clouds/output/composite/segments/east_patch_3d_wind.mp4
Wrote /Users/dash/School/Spring_2026/Visualization/clouds/output/composite/segments/east_patch_3d_wind.mp4

=== card_era5 ===
Wrote /Users/dash/School/Spring_2026/Visualization/clouds/output/composite/segments/card_era5.mp4

=== east_core_patch_3d_inversion ===
  $ /Users/dash/School/Spring_2026/Visualization/clouds/.venv/bin/python3 scripts/render_patch_3d_cloud_movie.py --region east_core --width 1280 --height 720 --fps 10 --elevation-deg 24 --orbit-deg 40 --slab-mode inversion --label-source era5 --orbit-start-deg -50 --era5-start 2013-01-01T18:00 --era5-frames 12 --interp-steps 4 --render-multiplier 4 --cloud-time-scale 0.35 --fps 10 --output /Users/dash/School/Spring_2026/Visualization/clouds/output/composite/segments/east_core_patch_3d_inversion.mp4
Wrote /Users/dash/School/Spring_2026/Visualization/clouds/output/composite/segments/east_core_patch_3d_inversion.mp4

=== east_core_inversion_compare ===
  $ /Users/dash/School/Spring_2026/Visualization/clouds/.venv/bin/python3 models/render/compare.py --region east_core --width 1280 --height 720 --fps 10 --elevation-deg 24 --orbit-deg 40 --era5-start 2013-01-01T18:00 --era5-frames 12 --interp-steps 4 --render-multiplier 4 --cloud-time-scale 0.35 --fps 10 --output /Users/dash/School/Spring_2026/Visualization/clouds/output/composite/segments/east_core_inversion_compare.mp4
Wrote /Users/dash/School/Spring_2026/Visualization/clouds/output/composite/segments/east_core_inversion_compare.mp4

=== card_features ===
Wrote /Users/dash/School/Spring_2026/Visualization/clouds/output/composite/segments/card_features.mp4

=== feature_overlay_lcc ===
  $ /Users/dash/School/Spring_2026/Visualization/clouds/.venv/bin/python3 models/render/feature_overlay.py --region east_core --width 1280 --height 720 --fps 10 --elevation-deg 24 --orbit-deg 40 --era5-start 2013-01-01T18:00 --era5-frames 12 --interp-steps 4 --render-multiplier 4 --cloud-time-scale 0.35 --fps 10 --feature lcc --output /Users/dash/School/Spring_2026/Visualization/clouds/output/composite/segments/feature_overlay_lcc.mp4
Traceback (most recent call last):
  File "/Users/dash/School/Spring_2026/Visualization/clouds/scripts/render_composite_movie.py", line 278, in <module>
    sys.exit(main())
             ~~~~^^
  File "/Users/dash/School/Spring_2026/Visualization/clouds/scripts/render_composite_movie.py", line 260, in main
    render_sections(COMPOSITE_SECTIONS, card_duration=args.card_duration)
    ~~~~~~~~~~~~~~~^^^^^^^^^^^^^^^^^^^^^^^^^^^^^^^^^^^^^^^^^^^^^^^^^^^^^^
  File "/Users/dash/School/Spring_2026/Visualization/clouds/scripts/render_composite_movie.py", line 214, in render_sections
    paths.append(render_clip(section))
                 ~~~~~~~~~~~^^^^^^^^^
  File "/Users/dash/School/Spring_2026/Visualization/clouds/scripts/render_composite_movie.py", line 190, in render_clip
    _run([
    ~~~~^^
        py, "models/render/feature_overlay.py",
        ^^^^^^^^^^^^^^^^^^^^^^^^^^^^^^^^^^^^^^^
    ...<3 lines>...
        "--output", str(output),
        ^^^^^^^^^^^^^^^^^^^^^^^^
    ])
    ^^
  File "/Users/dash/School/Spring_2026/Visualization/clouds/scripts/render_composite_movie.py", line 115, in _run
    subprocess.run(cmd, check=True, cwd=cwd or CLOUDS_ROOT)
    ~~~~~~~~~~~~~~^^^^^^^^^^^^^^^^^^^^^^^^^^^^^^^^^^^^^^^^^
  File "/opt/homebrew/Cellar/python@3.14/3.14.4/Frameworks/Python.framework/Versions/3.14/lib/python3.14/subprocess.py", line 578, in run
    raise CalledProcessError(retcode, process.args,
                             output=stdout, stderr=stderr)
subprocess.CalledProcessError: Command '['/Users/dash/School/Spring_2026/Visualization/clouds/.venv/bin/python3', 'models/render/feature_overlay.py', '--region', 'east_core', '--width', '1280', '--height', '720', '--fps', '10', '--elevation-deg', '24', '--orbit-deg', '40', '--era5-start', '2013-01-01T18:00', '--era5-frames', '12', '--interp-steps', '4', '--render-multiplier', '4', '--cloud-time-scale', '0.35', '--fps', '10', '--feature', 'lcc', '--output', '/Users/dash/School/Spring_2026/Visualization/clouds/output/composite/segments/feature_overlay_lcc.mp4']' returned non-zero exit status 1.
/Users/dash/School/Spring_2026/Visualization/clouds/.venv/lib/python3.14/site-packages/sklearn/base.py:525: InconsistentVersionWarning: Trying to unpickle estimator SimpleImputer from version 1.5.2 when using version 1.9.0. This might lead to breaking code or invalid results. Use at your own risk. For more info please refer to:
https://scikit-learn.org/stable/model_persistence.html#security-maintainability-limitations
  warnings.warn(
/Users/dash/School/Spring_2026/Visualization/clouds/.venv/lib/python3.14/site-packages/sklearn/base.py:525: InconsistentVersionWarning: Trying to unpickle estimator StandardScaler from version 1.5.2 when using version 1.9.0. This might lead to breaking code or invalid results. Use at your own risk. For more info please refer to:
https://scikit-learn.org/stable/model_persistence.html#security-maintainability-limitations
  warnings.warn(
/Users/dash/School/Spring_2026/Visualization/clouds/.venv/lib/python3.14/site-packages/sklearn/base.py:525: InconsistentVersionWarning: Trying to unpickle estimator Ridge from version 1.5.2 when using version 1.9.0. This might lead to breaking code or invalid results. Use at your own risk. For more info please refer to:
https://scikit-learn.org/stable/model_persistence.html#security-maintainability-limitations
  warnings.warn(
/Users/dash/School/Spring_2026/Visualization/clouds/.venv/lib/python3.14/site-packages/sklearn/base.py:525: InconsistentVersionWarning: Trying to unpickle estimator Pipeline from version 1.5.2 when using version 1.9.0. This might lead to breaking code or invalid results. Use at your own risk. For more info please refer to:
https://scikit-learn.org/stable/model_persistence.html#security-maintainability-limitations
  warnings.warn(
Top spatial Ridge drivers: 10 m meridional wind (+|w|)  ·  2 m temperature (+|w|)  ·  10 m zonal wind (−|w|)
[lcc] Rendering 180 frames @ 10 fps  (45 timesteps, scale 0–100)
  [lcc] 1/180  2013-01-01 18:00:00
  [lcc] 18/180  2013-01-01 18:21:56.312849
  [lcc] 36/180  2013-01-01 18:45:10.055865
  [lcc] 54/180  2013-01-01 19:08:23.798882
  [lcc] 72/180  2013-01-01 19:31:37.541899
  [lcc] 90/180  2013-01-01 19:54:51.284916
  [lcc] 108/180  2013-01-01 20:18:05.027932
  [lcc] 126/180  2013-01-01 20:41:18.770949
  [lcc] 144/180  2013-01-01 21:04:32.513966
  [lcc] 162/180  2013-01-01 21:27:46.256983
  [lcc] 180/180  2013-01-01 21:50:59.999999
  Wrote /Users/dash/School/Spring_2026/Visualization/clouds/output/composite/segments/feature_overlay_lcc.mp4
Done:
  /Users/dash/School/Spring_2026/Visualization/clouds/output/composite/segments/feature_overlay_lcc.mp4
/Users/dash/School/Spring_2026/Visualization/clouds/.venv/lib/python3.14/site-packages/sklearn/base.py:525: InconsistentVersionWarning: Trying to unpickle estimator SimpleImputer from version 1.5.2 when using version 1.9.0. This might lead to breaking code or invalid results. Use at your own risk. For more info please refer to:
https://scikit-learn.org/stable/model_persistence.html#security-maintainability-limitations
  warnings.warn(
/Users/dash/School/Spring_2026/Visualization/clouds/.venv/lib/python3.14/site-packages/sklearn/base.py:525: InconsistentVersionWarning: Trying to unpickle estimator StandardScaler from version 1.5.2 when using version 1.9.0. This might lead to breaking code or invalid results. Use at your own risk. For more info please refer to:
https://scikit-learn.org/stable/model_persistence.html#security-maintainability-limitations
  warnings.warn(
/Users/dash/School/Spring_2026/Visualization/clouds/.venv/lib/python3.14/site-packages/sklearn/base.py:525: InconsistentVersionWarning: Trying to unpickle estimator Ridge from version 1.5.2 when using version 1.9.0. This might lead to breaking code or invalid results. Use at your own risk. For more info please refer to:
https://scikit-learn.org/stable/model_persistence.html#security-maintainability-limitations
  warnings.warn(
/Users/dash/School/Spring_2026/Visualization/clouds/.venv/lib/python3.14/site-packages/sklearn/base.py:525: InconsistentVersionWarning: Trying to unpickle estimator Pipeline from version 1.5.2 when using version 1.9.0. This might lead to breaking code or invalid results. Use at your own risk. For more info please refer to:
https://scikit-learn.org/stable/model_persistence.html#security-maintainability-limitations
  warnings.warn(
Top spatial Ridge drivers: 10 m meridional wind (+|w|)  ·  2 m temperature (+|w|)  ·  10 m zonal wind (−|w|)
[t2m] Rendering 180 frames @ 10 fps  (45 timesteps, scale 272.5–274)
  [t2m] 1/180  2013-01-01 18:00:00
  [t2m] 18/180  2013-01-01 18:21:56.312849
  [t2m] 36/180  2013-01-01 18:45:10.055865
  [t2m] 54/180  2013-01-01 19:08:23.798882
  [t2m] 72/180  2013-01-01 19:31:37.541899
  [t2m] 90/180  2013-01-01 19:54:51.284916
  [t2m] 108/180  2013-01-01 20:18:05.027932
  [t2m] 126/180  2013-01-01 20:41:18.770949
  [t2m] 144/180  2013-01-01 21:04:32.513966
  [t2m] 162/180  2013-01-01 21:27:46.256983
  [t2m] 180/180  2013-01-01 21:50:59.999999
  Wrote /Users/dash/School/Spring_2026/Visualization/clouds/output/composite/segments/feature_overlay_t2m.mp4
Done:
  /Users/dash/School/Spring_2026/Visualization/clouds/output/composite/segments/feature_overlay_t2m.mp4
/Users/dash/School/Spring_2026/Visualization/clouds/.venv/lib/python3.14/site-packages/sklearn/base.py:525: InconsistentVersionWarning: Trying to unpickle estimator SimpleImputer from version 1.5.2 when using version 1.9.0. This might lead to breaking code or invalid results. Use at your own risk. For more info please refer to:
https://scikit-learn.org/stable/model_persistence.html#security-maintainability-limitations
  warnings.warn(
/Users/dash/School/Spring_2026/Visualization/clouds/.venv/lib/python3.14/site-packages/sklearn/base.py:525: InconsistentVersionWarning: Trying to unpickle estimator StandardScaler from version 1.5.2 when using version 1.9.0. This might lead to breaking code or invalid results. Use at your own risk. For more info please refer to:
https://scikit-learn.org/stable/model_persistence.html#security-maintainability-limitations
  warnings.warn(
/Users/dash/School/Spring_2026/Visualization/clouds/.venv/lib/python3.14/site-packages/sklearn/base.py:525: InconsistentVersionWarning: Trying to unpickle estimator Ridge from version 1.5.2 when using version 1.9.0. This might lead to breaking code or invalid results. Use at your own risk. For more info please refer to:
https://scikit-learn.org/stable/model_persistence.html#security-maintainability-limitations
  warnings.warn(
/Users/dash/School/Spring_2026/Visualization/clouds/.venv/lib/python3.14/site-packages/sklearn/base.py:525: InconsistentVersionWarning: Trying to unpickle estimator Pipeline from version 1.5.2 when using version 1.9.0. This might lead to breaking code or invalid results. Use at your own risk. For more info please refer to:
https://scikit-learn.org/stable/model_persistence.html#security-maintainability-limitations
  warnings.warn(
Top spatial Ridge drivers: 10 m meridional wind (+|w|)  ·  2 m temperature (+|w|)  ·  10 m zonal wind (−|w|)
[wind] Rendering 180 frames @ 10 fps  (45 timesteps, scale 0–3.5)
  [wind] 1/180  2013-01-01 18:00:00
  [wind] 18/180  2013-01-01 18:21:56.312849
  [wind] 36/180  2013-01-01 18:45:10.055865
  [wind] 54/180  2013-01-01 19:08:23.798882
  [wind] 72/180  2013-01-01 19:31:37.541899
  [wind] 90/180  2013-01-01 19:54:51.284916
  [wind] 108/180  2013-01-01 20:18:05.027932
  [wind] 126/180  2013-01-01 20:41:18.770949
  [wind] 144/180  2013-01-01 21:04:32.513966
  [wind] 162/180  2013-01-01 21:27:46.256983
  [wind] 180/180  2013-01-01 21:50:59.999999
  Wrote /Users/dash/School/Spring_2026/Visualization/clouds/output/composite/segments/feature_overlay_wind.mp4
Done:
  /Users/dash/School/Spring_2026/Visualization/clouds/output/composite/segments/feature_overlay_wind.mp4
Rendering composite segments…
Using ffmpeg: /opt/homebrew/bin/ffmpeg

=== card_2d_data (skip — exists) ===

=== germany_clouds (skip — exists) ===

=== alps_patch_clouds (skip — exists) ===

=== card_3d_mesh (skip — exists) ===

=== east_patch_3d_clouds (skip — exists) ===

=== east_patch_3d_wind (skip — exists) ===

=== card_era5 (skip — exists) ===

=== east_core_patch_3d_inversion (skip — exists) ===

=== east_core_inversion_compare (skip — exists) ===

=== card_features (skip — exists) ===

=== feature_overlay_lcc ===
  $ /Users/dash/School/Spring_2026/Visualization/clouds/.venv/bin/python3 models/render/feature_overlay.py --region east_core --width 1280 --height 720 --fps 10 --elevation-deg 24 --orbit-deg 40 --era5-start 2013-01-01T18:00 --era5-frames 12 --interp-steps 4 --render-multiplier 4 --cloud-time-scale 0.35 --fps 10 --feature lcc --output /Users/dash/School/Spring_2026/Visualization/clouds/output/composite/segments/feature_overlay_lcc.mp4
Wrote /Users/dash/School/Spring_2026/Visualization/clouds/output/composite/segments/feature_overlay_lcc.mp4

=== feature_overlay_t2m ===
  $ /Users/dash/School/Spring_2026/Visualization/clouds/.venv/bin/python3 models/render/feature_overlay.py --region east_core --width 1280 --height 720 --fps 10 --elevation-deg 24 --orbit-deg 40 --era5-start 2013-01-01T18:00 --era5-frames 12 --interp-steps 4 --render-multiplier 4 --cloud-time-scale 0.35 --fps 10 --feature t2m --output /Users/dash/School/Spring_2026/Visualization/clouds/output/composite/segments/feature_overlay_t2m.mp4
Wrote /Users/dash/School/Spring_2026/Visualization/clouds/output/composite/segments/feature_overlay_t2m.mp4

=== feature_overlay_wind ===
  $ /Users/dash/School/Spring_2026/Visualization/clouds/.venv/bin/python3 models/render/feature_overlay.py --region east_core --width 1280 --height 720 --fps 10 --elevation-deg 24 --orbit-deg 40 --era5-start 2013-01-01T18:00 --era5-frames 12 --interp-steps 4 --render-multiplier 4 --cloud-time-scale 0.35 --fps 10 --feature wind --output /Users/dash/School/Spring_2026/Visualization/clouds/output/composite/segments/feature_overlay_wind.mp4
Wrote /Users/dash/School/Spring_2026/Visualization/clouds/output/composite/segments/feature_overlay_wind.mp4

Stitching composite movie…
Wrote /Users/dash/School/Spring_2026/Visualization/clouds/output/composite/cloud_inversion_composite.mp4
